<?xml version="1.0" encoding="UTF-8"?>
<testng-results skipped="0" failed="0" ignored="0" total="1" passed="1">
  <reporter-output>
  </reporter-output>
  <suite name="tests" duration-ms="63112" started-at="2018-03-07T12:30:12Z" finished-at="2018-03-07T12:31:15Z">
    <groups>
    </groups>
    <test name="centralpoint_tests" duration-ms="63112" started-at="2018-03-07T12:30:12Z" finished-at="2018-03-07T12:31:15Z">
      <class name="nl.centralpoint.tests.PrijsFilterTest">
        <test-method status="PASS" signature="init()[pri:0, instance:nl.centralpoint.tests.PrijsFilterTest@1324409e]" name="init" is-config="true" duration-ms="16" started-at="2018-03-07T14:30:12Z" finished-at="2018-03-07T14:30:12Z">
          <reporter-output>
          </reporter-output>
        </test-method> <!-- init -->
        <test-method status="PASS" signature="prijsFilterTest()[pri:0, instance:nl.centralpoint.tests.PrijsFilterTest@1324409e]" name="prijsFilterTest" duration-ms="63069" started-at="2018-03-07T14:30:12Z" finished-at="2018-03-07T14:31:15Z">
          <reporter-output>
          </reporter-output>
        </test-method> <!-- prijsFilterTest -->
      </class> <!-- nl.centralpoint.tests.PrijsFilterTest -->
    </test> <!-- centralpoint_tests -->
  </suite> <!-- tests -->
</testng-results>
